{
  "RSpec": {
    "coverage": {
      "/Users/emilyport/Desktop/Practice/money/app/helpers/application_helper.rb": {
        "lines": [
          1,
          null
        ]
      },
      "/Users/emilyport/Desktop/Practice/money/app/models/user.rb": {
        "lines": [
          1,
          1,
          1,
          1,
          null
        ]
      },
      "/Users/emilyport/Desktop/Practice/money/app/controllers/users_controller.rb": {
        "lines": [
          1,
          1,
          1,
          1,
          1,
          1,
          1,
          1,
          null,
          null,
          null,
          1,
          0,
          null,
          null,
          1,
          0,
          0,
          0,
          0,
          null,
          0,
          null,
          null,
          null,
          1,
          1,
          1,
          null,
          null
        ]
      },
      "/Users/emilyport/Desktop/Practice/money/app/controllers/application_controller.rb": {
        "lines": [
          1,
          1,
          null
        ]
      },
      "/Users/emilyport/Desktop/Practice/money/app/serializers/user_serializer.rb": {
        "lines": [
          1,
          1,
          1,
          null
        ]
      },
      "/Users/emilyport/Desktop/Practice/money/app/controllers/currency_controller.rb": {
        "lines": [
          1,
          1,
          1,
          5,
          5,
          5,
          5,
          5,
          5,
          null,
          0,
          null,
          null,
          0,
          null,
          null,
          null,
          null,
          1,
          1,
          5,
          null,
          null
        ]
      },
      "/Users/emilyport/Desktop/Practice/money/app/facades/currency_facade.rb": {
        "lines": [
          1,
          1,
          5,
          2210,
          5,
          null,
          null
        ]
      },
      "/Users/emilyport/Desktop/Practice/money/app/services/currency_service.rb": {
        "lines": [
          1,
          1,
          5,
          null,
          null,
          1,
          5,
          null,
          null,
          1,
          5,
          null,
          null
        ]
      },
      "/Users/emilyport/Desktop/Practice/money/app/poros/currency.rb": {
        "lines": [
          1,
          1,
          null,
          1,
          5,
          5,
          5,
          5,
          null,
          null,
          null
        ]
      },
      "/Users/emilyport/Desktop/Practice/money/app/serializers/currency_serializer.rb": {
        "lines": [
          1,
          1,
          6,
          1,
          null
        ]
      }
    },
    "timestamp": 1695157213
  }
}
